0 info it worked if it ends with ok
1 verbose cli [ 'C:\\Program Files\\nodejs\\node.exe',
1 verbose cli   'C:\\Users\\bpoubady\\AppData\\Roaming\\npm\\node_modules\\npm\\bin\\npm-cli.js',
1 verbose cli   'install',
1 verbose cli   'jquery',
1 verbose cli   '--save' ]
2 info using npm@3.10.8
3 info using node@v4.5.0
4 silly loadCurrentTree Starting
5 silly install loadCurrentTree
6 silly install readLocalPackageData
7 silly fetchPackageMetaData jquery
8 silly fetchNamedPackageData jquery
9 silly mapToRegistry name jquery
10 silly mapToRegistry using default registry
11 silly mapToRegistry registry https://registry.npmjs.org/
12 silly mapToRegistry data Result {
12 silly mapToRegistry   raw: 'jquery',
12 silly mapToRegistry   scope: null,
12 silly mapToRegistry   escapedName: 'jquery',
12 silly mapToRegistry   name: 'jquery',
12 silly mapToRegistry   rawSpec: '',
12 silly mapToRegistry   spec: 'latest',
12 silly mapToRegistry   type: 'tag' }
13 silly mapToRegistry uri https://registry.npmjs.org/jquery
14 verbose request uri https://registry.npmjs.org/jquery
15 verbose request no auth needed
16 info attempt registry request try #1 at 15:34:38
17 verbose request id b6e0e626e8b1bcbe
18 verbose etag "6SU25MEZMSGYBN6TPMHHEWLQ4"
19 http request GET https://registry.npmjs.org/jquery
20 http 200 https://registry.npmjs.org/jquery
21 verbose headers { server: 'CouchDB/1.5.0 (Erlang OTP/R16B03)',
21 verbose headers   etag: '"9X5P3R8V2J28AZM910FPW80JM"',
21 verbose headers   'content-type': 'application/json',
21 verbose headers   'content-encoding': 'gzip',
21 verbose headers   'cache-control': 'max-age=300',
21 verbose headers   'content-length': '11838',
21 verbose headers   'accept-ranges': 'bytes',
21 verbose headers   date: 'Mon, 26 Sep 2016 13:34:39 GMT',
21 verbose headers   via: '1.1 varnish',
21 verbose headers   age: '248',
21 verbose headers   connection: 'keep-alive',
21 verbose headers   'x-served-by': 'cache-lhr6337-LHR',
21 verbose headers   'x-cache': 'HIT',
21 verbose headers   'x-cache-hits': '4',
21 verbose headers   'x-timer': 'S1474896879.156466,VS0,VE0',
21 verbose headers   vary: 'Accept-Encoding' }
22 silly get cb [ 200,
22 silly get   { server: 'CouchDB/1.5.0 (Erlang OTP/R16B03)',
22 silly get     etag: '"9X5P3R8V2J28AZM910FPW80JM"',
22 silly get     'content-type': 'application/json',
22 silly get     'content-encoding': 'gzip',
22 silly get     'cache-control': 'max-age=300',
22 silly get     'content-length': '11838',
22 silly get     'accept-ranges': 'bytes',
22 silly get     date: 'Mon, 26 Sep 2016 13:34:39 GMT',
22 silly get     via: '1.1 varnish',
22 silly get     age: '248',
22 silly get     connection: 'keep-alive',
22 silly get     'x-served-by': 'cache-lhr6337-LHR',
22 silly get     'x-cache': 'HIT',
22 silly get     'x-cache-hits': '4',
22 silly get     'x-timer': 'S1474896879.156466,VS0,VE0',
22 silly get     vary: 'Accept-Encoding' } ]
23 verbose get saving jquery to C:\Users\bpoubady\AppData\Roaming\npm-cache\registry.npmjs.org\jquery\.cache.json
24 verbose correctMkdir C:\Users\bpoubady\AppData\Roaming\npm-cache correctMkdir not in flight; initializing
25 silly install normalizeTree
26 silly loadCurrentTree Finishing
27 silly loadIdealTree Starting
28 silly install loadIdealTree
29 silly cloneCurrentTree Starting
30 silly install cloneCurrentTreeToIdealTree
31 silly cloneCurrentTree Finishing
32 silly loadShrinkwrap Starting
33 silly install loadShrinkwrap
34 silly loadShrinkwrap Finishing
35 silly loadAllDepsIntoIdealTree Starting
36 silly install loadAllDepsIntoIdealTree
37 silly resolveWithNewModule jquery@3.1.1 checking installable status
38 silly cache add args [ 'jquery', null ]
39 verbose cache add spec jquery
40 silly cache add parsed spec Result {
40 silly cache add   raw: 'jquery',
40 silly cache add   scope: null,
40 silly cache add   escapedName: 'jquery',
40 silly cache add   name: 'jquery',
40 silly cache add   rawSpec: '',
40 silly cache add   spec: 'latest',
40 silly cache add   type: 'tag' }
41 silly addNamed jquery@latest
42 verbose addNamed "latest" is being treated as a dist-tag for jquery
43 info addNameTag [ 'jquery', 'latest' ]
44 silly mapToRegistry name jquery
45 silly mapToRegistry using default registry
46 silly mapToRegistry registry https://registry.npmjs.org/
47 silly mapToRegistry data Result {
47 silly mapToRegistry   raw: 'jquery',
47 silly mapToRegistry   scope: null,
47 silly mapToRegistry   escapedName: 'jquery',
47 silly mapToRegistry   name: 'jquery',
47 silly mapToRegistry   rawSpec: '',
47 silly mapToRegistry   spec: 'latest',
47 silly mapToRegistry   type: 'tag' }
48 silly mapToRegistry uri https://registry.npmjs.org/jquery
49 verbose addNameTag registry:https://registry.npmjs.org/jquery not in flight; fetching
50 verbose get https://registry.npmjs.org/jquery not expired, no request
51 silly addNameTag next cb for jquery with tag latest
52 silly addNamed jquery@3.1.1
53 verbose addNamed "3.1.1" is a plain semver version for jquery
54 silly mapToRegistry name jquery
55 silly mapToRegistry using default registry
56 silly mapToRegistry registry https://registry.npmjs.org/
57 silly mapToRegistry data Result {
57 silly mapToRegistry   raw: 'jquery',
57 silly mapToRegistry   scope: null,
57 silly mapToRegistry   escapedName: 'jquery',
57 silly mapToRegistry   name: 'jquery',
57 silly mapToRegistry   rawSpec: '',
57 silly mapToRegistry   spec: 'latest',
57 silly mapToRegistry   type: 'tag' }
58 silly mapToRegistry uri https://registry.npmjs.org/jquery
59 verbose addRemoteTarball https://registry.npmjs.org/jquery/-/jquery-3.1.1.tgz not in flight; adding
60 verbose addRemoteTarball [ 'https://registry.npmjs.org/jquery/-/jquery-3.1.1.tgz',
60 verbose addRemoteTarball   '347c1c21c7e004115e0a4da32cece041fad3c8a3' ]
61 info retry fetch attempt 1 at 15:34:40
62 info attempt registry request try #1 at 15:34:40
63 http fetch GET https://registry.npmjs.org/jquery/-/jquery-3.1.1.tgz
64 http fetch 200 https://registry.npmjs.org/jquery/-/jquery-3.1.1.tgz
65 info retry will retry, error on last attempt: Error: read ECONNRESET
66 silly fetchAndShaCheck shasum 347c1c21c7e004115e0a4da32cece041fad3c8a3
67 silly rollbackFailedOptional Starting
68 silly rollbackFailedOptional Finishing
69 silly runTopLevelLifecycles Finishing
70 silly install printInstalled
71 verbose stack Error: shasum check failed for C:\Users\bpoubady\AppData\Local\Temp\npm-9736-39fbe720\registry.npmjs.org\jquery\-\jquery-3.1.1.tgz
71 verbose stack Expected: 347c1c21c7e004115e0a4da32cece041fad3c8a3
71 verbose stack Actual:   983c9f5850b5bd4e114362157139cc7570e9978a
71 verbose stack From:     https://registry.npmjs.org/jquery/-/jquery-3.1.1.tgz
71 verbose stack     at C:\Users\bpoubady\AppData\Roaming\npm\node_modules\npm\node_modules\sha\index.js:25:8
71 verbose stack     at ReadStream.<anonymous> (C:\Users\bpoubady\AppData\Roaming\npm\node_modules\npm\node_modules\sha\index.js:72:7)
71 verbose stack     at emitNone (events.js:72:20)
71 verbose stack     at ReadStream.emit (events.js:166:7)
71 verbose stack     at endReadableNT (_stream_readable.js:921:12)
71 verbose stack     at nextTickCallbackWith2Args (node.js:442:9)
71 verbose stack     at process._tickCallback (node.js:356:17)
72 verbose cwd C:\xampp\htdocs\openclassroom\angularJS_test
73 error Windows_NT 6.1.7601
74 error argv "C:\\Program Files\\nodejs\\node.exe" "C:\\Users\\bpoubady\\AppData\\Roaming\\npm\\node_modules\\npm\\bin\\npm-cli.js" "install" "jquery" "--save"
75 error node v4.5.0
76 error npm  v3.10.8
77 error shasum check failed for C:\Users\bpoubady\AppData\Local\Temp\npm-9736-39fbe720\registry.npmjs.org\jquery\-\jquery-3.1.1.tgz
77 error Expected: 347c1c21c7e004115e0a4da32cece041fad3c8a3
77 error Actual:   983c9f5850b5bd4e114362157139cc7570e9978a
77 error From:     https://registry.npmjs.org/jquery/-/jquery-3.1.1.tgz
78 error If you need help, you may report this error at:
78 error     <https://github.com/npm/npm/issues>
79 verbose exit [ 1, true ]
